<?xml version="1.0" encoding="UTF-8"?>
<testsuite xmlns:xsi="http://www.w3.org/2001/XMLSchema-instance" xsi:noNamespaceSchemaLocation="https://maven.apache.org/surefire/maven-surefire-plugin/xsd/surefire-test-report-3.0.xsd" version="3.0" name="com.svv.taskmanager.TaskManagementAppTest" time="0.213" tests="13" errors="0" skipped="0" failures="0">
  <properties>
[...]
</properties>
  <testcase name="testToString_completedAndNotCompleted" classname="com.svv.taskmanager.TaskManagementAppTest" time="0.094"/>
  <testcase name="mytest" classname="com.svv.taskmanager.TaskManagementAppTest" time="0.005"/>
  <testcase name="testAddDisplayEditDeleteCompleteTask" classname="com.svv.taskmanager.TaskManagementAppTest" time="0.007"/>
  <testcase name="testEditDeleteComplete_negativeAndOutOfBoundsIndex" classname="com.svv.taskmanager.TaskManagementAppTest" time="0.002"/>
  <testcase name="testMainInvalidChoice" classname="com.svv.taskmanager.TaskManagementAppTest" time="0.009"/>
  <testcase name="testMainCoversClassDeclaration" classname="com.svv.taskmanager.TaskManagementAppTest" time="0.005"/>
  <testcase name="testDisplayTasks_withTask" classname="com.svv.taskmanager.TaskManagementAppTest" time="0.001"/>
  <testcase name="testTaskGettersAndSetters" classname="com.svv.taskmanager.TaskManagementAppTest" time="0.001"/>
  <testcase name="testMainInvalidIndex" classname="com.svv.taskmanager.TaskManagementAppTest" time="0.004"/>
  <testcase name="testMainTriggersClassLoad" classname="com.svv.taskmanager.TaskManagementAppTest" time="0.002"/>
  <testcase name="testMainFullFlow" classname="com.svv.taskmanager.TaskManagementAppTest" time="0.004"/>
  <testcase name="testInvalidEditDeleteMark" classname="com.svv.taskmanager.TaskManagementAppTest" time="0.001"/>
  <testcase name="testDisplayTasks_empty" classname="com.svv.taskmanager.TaskManagementAppTest" time="0.001"/>
</testsuite>